Terminals unused in grammar

   TDOT
   TQUOTE
   T_FOR


Grammar

    0 $accept: program $end

    1 program: %empty
    2        | statements

    3 statements: statement
    4           | statements statement

    5 statement: conditional
    6          | var_decl
    7          | val_decl
    8          | method_decl
    9          | method_arg_decl
   10          | expression
   11          | TRETURN expression
   12          | TRETURN_VOID
   13          | expression T_RANGE expression

   14 block: TLBRACE statements TRBRACE
   15      | TLBRACE TRBRACE

   16 conditional: TIF TLPAREN expression TRPAREN block
   17            | TIF TLPAREN expression TRPAREN block TELSE block

   18 var_decl: TVAR identifier TCOLON identifier
   19         | TVAR identifier TCOLON identifier TASSIGN expression

   20 val_decl: TVAL identifier TCOLON identifier TASSIGN expression

   21 method_arg_decl: identifier TCOLON identifier
   22                | identifier TCOLON identifier TASSIGN expression

   23 method_decl: TFUN identifier TLPAREN method_decl_args TRPAREN block
   24            | TFUN identifier TLPAREN method_decl_args TRPAREN TCOLON identifier block

   25 method_decl_args: %empty
   26                 | method_arg_decl
   27                 | method_decl_args TCOMMA method_arg_decl

   28 method_call_expr: identifier TLPAREN method_call_args TRPAREN

   29 assignment_expr: identifier TASSIGN expression

   30 expression: method_call_expr
   31           | assignment_expr
   32           | identifier
   33           | expression T_EQUAL expression
   34           | expression T_GREATER expression
   35           | expression T_GREATER_OR_EQUAL expression
   36           | expression T_LESS expression
   37           | expression T_LESS_OR_EQUAL expression
   38           | expression T_NOT_EQUAL expression
   39           | expression T_AND expression
   40           | expression T_OR expression
   41           | expression T_ADD expression
   42           | expression T_SUB expression
   43           | expression T_DIV expression
   44           | expression T_MUL expression
   45           | constant

   46 identifier: TIDENTIFIER

   47 constant: TINTEGER
   48         | TSTRING
   49         | T_TRUE
   50         | T_FALSE

   51 method_call_args: %empty
   52                 | expression
   53                 | method_call_args TCOMMA expression


Terminals, with rules where they appear

$end (0) 0
error (256)
TINTEGER <string> (258) 47
TSTRING <string> (259) 48
TIDENTIFIER <string> (260) 46
TFUN <token> (261) 23 24
TVAR <token> (262) 18 19
TVAL <token> (263) 20
TRETURN <token> (264) 11
TRETURN_VOID <token> (265) 12
TIF <token> (266) 16 17
TELSE <token> (267) 17
TLPAREN <token> (268) 16 17 23 24 28
TRPAREN <token> (269) 16 17 23 24 28
TLBRACE <token> (270) 14 15
TRBRACE <token> (271) 14 15
TCOMMA <token> (272) 27 53
TDOT <token> (273)
TCOLON <token> (274) 18 19 20 21 22 24
TQUOTE <token> (275)
T_AND <token> (276) 39
T_OR <token> (277) 40
T_EQUAL <token> (278) 33
T_NOT_EQUAL <token> (279) 38
T_GREATER_OR_EQUAL <token> (280) 35
T_LESS_OR_EQUAL <token> (281) 37
T_GREATER <token> (282) 34
T_LESS <token> (283) 36
T_ADD <token> (284) 41
T_SUB <token> (285) 42
T_MUL <token> (286) 44
T_DIV <token> (287) 43
T_TRUE <token> (288) 49
T_FALSE <token> (289) 50
T_FOR <token> (290)
T_RANGE <token> (291) 13
TASSIGN (292) 19 20 22 29


Nonterminals, with rules where they appear

$accept (38)
    on left: 0
program <block> (39)
    on left: 1 2, on right: 0
statements <block> (40)
    on left: 3 4, on right: 2 4 14
statement <statement> (41)
    on left: 5 6 7 8 9 10 11 12 13, on right: 3 4
block <block> (42)
    on left: 14 15, on right: 16 17 23 24
conditional <statement> (43)
    on left: 16 17, on right: 5
var_decl <statement> (44)
    on left: 18 19, on right: 6
val_decl <statement> (45)
    on left: 20, on right: 7
method_arg_decl <statement> (46)
    on left: 21 22, on right: 9 26 27
method_decl <statement> (47)
    on left: 23 24, on right: 8
method_decl_args <variable_vector> (48)
    on left: 25 26 27, on right: 23 24 27
method_call_expr <expression> (49)
    on left: 28, on right: 30
assignment_expr <expression> (50)
    on left: 29, on right: 31
expression <expression> (51)
    on left: 30 31 32 33 34 35 36 37 38 39 40 41 42 43 44 45, on right:
    10 11 13 16 17 19 20 22 29 33 34 35 36 37 38 39 40 41 42 43 44
    52 53
identifier <identifier> (52)
    on left: 46, on right: 18 19 20 21 22 23 24 28 29 32
constant <expression> (53)
    on left: 47 48 49 50, on right: 45
method_call_args <expression_vector> (54)
    on left: 51 52 53, on right: 28 53


State 0

    0 $accept: . program $end

    TINTEGER      shift, and go to state 1
    TSTRING       shift, and go to state 2
    TIDENTIFIER   shift, and go to state 3
    TFUN          shift, and go to state 4
    TVAR          shift, and go to state 5
    TVAL          shift, and go to state 6
    TRETURN       shift, and go to state 7
    TRETURN_VOID  shift, and go to state 8
    TIF           shift, and go to state 9
    T_TRUE        shift, and go to state 10
    T_FALSE       shift, and go to state 11

    $default  reduce using rule 1 (program)

    program           go to state 12
    statements        go to state 13
    statement         go to state 14
    conditional       go to state 15
    var_decl          go to state 16
    val_decl          go to state 17
    method_arg_decl   go to state 18
    method_decl       go to state 19
    method_call_expr  go to state 20
    assignment_expr   go to state 21
    expression        go to state 22
    identifier        go to state 23
    constant          go to state 24


State 1

   47 constant: TINTEGER .

    $default  reduce using rule 47 (constant)


State 2

   48 constant: TSTRING .

    $default  reduce using rule 48 (constant)


State 3

   46 identifier: TIDENTIFIER .

    $default  reduce using rule 46 (identifier)


State 4

   23 method_decl: TFUN . identifier TLPAREN method_decl_args TRPAREN block
   24            | TFUN . identifier TLPAREN method_decl_args TRPAREN TCOLON identifier block

    TIDENTIFIER  shift, and go to state 3

    identifier  go to state 25


State 5

   18 var_decl: TVAR . identifier TCOLON identifier
   19         | TVAR . identifier TCOLON identifier TASSIGN expression

    TIDENTIFIER  shift, and go to state 3

    identifier  go to state 26


State 6

   20 val_decl: TVAL . identifier TCOLON identifier TASSIGN expression

    TIDENTIFIER  shift, and go to state 3

    identifier  go to state 27


State 7

   11 statement: TRETURN . expression

    TINTEGER     shift, and go to state 1
    TSTRING      shift, and go to state 2
    TIDENTIFIER  shift, and go to state 3
    T_TRUE       shift, and go to state 10
    T_FALSE      shift, and go to state 11

    method_call_expr  go to state 20
    assignment_expr   go to state 21
    expression        go to state 28
    identifier        go to state 29
    constant          go to state 24


State 8

   12 statement: TRETURN_VOID .

    $default  reduce using rule 12 (statement)


State 9

   16 conditional: TIF . TLPAREN expression TRPAREN block
   17            | TIF . TLPAREN expression TRPAREN block TELSE block

    TLPAREN  shift, and go to state 30


State 10

   49 constant: T_TRUE .

    $default  reduce using rule 49 (constant)


State 11

   50 constant: T_FALSE .

    $default  reduce using rule 50 (constant)


State 12

    0 $accept: program . $end

    $end  shift, and go to state 31


State 13

    2 program: statements .
    4 statements: statements . statement

    TINTEGER      shift, and go to state 1
    TSTRING       shift, and go to state 2
    TIDENTIFIER   shift, and go to state 3
    TFUN          shift, and go to state 4
    TVAR          shift, and go to state 5
    TVAL          shift, and go to state 6
    TRETURN       shift, and go to state 7
    TRETURN_VOID  shift, and go to state 8
    TIF           shift, and go to state 9
    T_TRUE        shift, and go to state 10
    T_FALSE       shift, and go to state 11

    $default  reduce using rule 2 (program)

    statement         go to state 32
    conditional       go to state 15
    var_decl          go to state 16
    val_decl          go to state 17
    method_arg_decl   go to state 18
    method_decl       go to state 19
    method_call_expr  go to state 20
    assignment_expr   go to state 21
    expression        go to state 22
    identifier        go to state 23
    constant          go to state 24


State 14

    3 statements: statement .

    $default  reduce using rule 3 (statements)


State 15

    5 statement: conditional .

    $default  reduce using rule 5 (statement)


State 16

    6 statement: var_decl .

    $default  reduce using rule 6 (statement)


State 17

    7 statement: val_decl .

    $default  reduce using rule 7 (statement)


State 18

    9 statement: method_arg_decl .

    $default  reduce using rule 9 (statement)


State 19

    8 statement: method_decl .

    $default  reduce using rule 8 (statement)


State 20

   30 expression: method_call_expr .

    $default  reduce using rule 30 (expression)


State 21

   31 expression: assignment_expr .

    $default  reduce using rule 31 (expression)


State 22

   10 statement: expression .
   13          | expression . T_RANGE expression
   33 expression: expression . T_EQUAL expression
   34           | expression . T_GREATER expression
   35           | expression . T_GREATER_OR_EQUAL expression
   36           | expression . T_LESS expression
   37           | expression . T_LESS_OR_EQUAL expression
   38           | expression . T_NOT_EQUAL expression
   39           | expression . T_AND expression
   40           | expression . T_OR expression
   41           | expression . T_ADD expression
   42           | expression . T_SUB expression
   43           | expression . T_DIV expression
   44           | expression . T_MUL expression

    T_AND               shift, and go to state 33
    T_OR                shift, and go to state 34
    T_EQUAL             shift, and go to state 35
    T_NOT_EQUAL         shift, and go to state 36
    T_GREATER_OR_EQUAL  shift, and go to state 37
    T_LESS_OR_EQUAL     shift, and go to state 38
    T_GREATER           shift, and go to state 39
    T_LESS              shift, and go to state 40
    T_ADD               shift, and go to state 41
    T_SUB               shift, and go to state 42
    T_MUL               shift, and go to state 43
    T_DIV               shift, and go to state 44
    T_RANGE             shift, and go to state 45

    $default  reduce using rule 10 (statement)


State 23

   21 method_arg_decl: identifier . TCOLON identifier
   22                | identifier . TCOLON identifier TASSIGN expression
   28 method_call_expr: identifier . TLPAREN method_call_args TRPAREN
   29 assignment_expr: identifier . TASSIGN expression
   32 expression: identifier .

    TLPAREN  shift, and go to state 46
    TCOLON   shift, and go to state 47
    TASSIGN  shift, and go to state 48

    $default  reduce using rule 32 (expression)


State 24

   45 expression: constant .

    $default  reduce using rule 45 (expression)


State 25

   23 method_decl: TFUN identifier . TLPAREN method_decl_args TRPAREN block
   24            | TFUN identifier . TLPAREN method_decl_args TRPAREN TCOLON identifier block

    TLPAREN  shift, and go to state 49


State 26

   18 var_decl: TVAR identifier . TCOLON identifier
   19         | TVAR identifier . TCOLON identifier TASSIGN expression

    TCOLON  shift, and go to state 50


State 27

   20 val_decl: TVAL identifier . TCOLON identifier TASSIGN expression

    TCOLON  shift, and go to state 51


State 28

   11 statement: TRETURN expression .
   33 expression: expression . T_EQUAL expression
   34           | expression . T_GREATER expression
   35           | expression . T_GREATER_OR_EQUAL expression
   36           | expression . T_LESS expression
   37           | expression . T_LESS_OR_EQUAL expression
   38           | expression . T_NOT_EQUAL expression
   39           | expression . T_AND expression
   40           | expression . T_OR expression
   41           | expression . T_ADD expression
   42           | expression . T_SUB expression
   43           | expression . T_DIV expression
   44           | expression . T_MUL expression

    T_AND               shift, and go to state 33
    T_OR                shift, and go to state 34
    T_EQUAL             shift, and go to state 35
    T_NOT_EQUAL         shift, and go to state 36
    T_GREATER_OR_EQUAL  shift, and go to state 37
    T_LESS_OR_EQUAL     shift, and go to state 38
    T_GREATER           shift, and go to state 39
    T_LESS              shift, and go to state 40
    T_ADD               shift, and go to state 41
    T_SUB               shift, and go to state 42
    T_MUL               shift, and go to state 43
    T_DIV               shift, and go to state 44

    $default  reduce using rule 11 (statement)


State 29

   28 method_call_expr: identifier . TLPAREN method_call_args TRPAREN
   29 assignment_expr: identifier . TASSIGN expression
   32 expression: identifier .

    TLPAREN  shift, and go to state 46
    TASSIGN  shift, and go to state 48

    $default  reduce using rule 32 (expression)


State 30

   16 conditional: TIF TLPAREN . expression TRPAREN block
   17            | TIF TLPAREN . expression TRPAREN block TELSE block

    TINTEGER     shift, and go to state 1
    TSTRING      shift, and go to state 2
    TIDENTIFIER  shift, and go to state 3
    T_TRUE       shift, and go to state 10
    T_FALSE      shift, and go to state 11

    method_call_expr  go to state 20
    assignment_expr   go to state 21
    expression        go to state 52
    identifier        go to state 29
    constant          go to state 24


State 31

    0 $accept: program $end .

    $default  accept


State 32

    4 statements: statements statement .

    $default  reduce using rule 4 (statements)


State 33

   39 expression: expression T_AND . expression

    TINTEGER     shift, and go to state 1
    TSTRING      shift, and go to state 2
    TIDENTIFIER  shift, and go to state 3
    T_TRUE       shift, and go to state 10
    T_FALSE      shift, and go to state 11

    method_call_expr  go to state 20
    assignment_expr   go to state 21
    expression        go to state 53
    identifier        go to state 29
    constant          go to state 24


State 34

   40 expression: expression T_OR . expression

    TINTEGER     shift, and go to state 1
    TSTRING      shift, and go to state 2
    TIDENTIFIER  shift, and go to state 3
    T_TRUE       shift, and go to state 10
    T_FALSE      shift, and go to state 11

    method_call_expr  go to state 20
    assignment_expr   go to state 21
    expression        go to state 54
    identifier        go to state 29
    constant          go to state 24


State 35

   33 expression: expression T_EQUAL . expression

    TINTEGER     shift, and go to state 1
    TSTRING      shift, and go to state 2
    TIDENTIFIER  shift, and go to state 3
    T_TRUE       shift, and go to state 10
    T_FALSE      shift, and go to state 11

    method_call_expr  go to state 20
    assignment_expr   go to state 21
    expression        go to state 55
    identifier        go to state 29
    constant          go to state 24


State 36

   38 expression: expression T_NOT_EQUAL . expression

    TINTEGER     shift, and go to state 1
    TSTRING      shift, and go to state 2
    TIDENTIFIER  shift, and go to state 3
    T_TRUE       shift, and go to state 10
    T_FALSE      shift, and go to state 11

    method_call_expr  go to state 20
    assignment_expr   go to state 21
    expression        go to state 56
    identifier        go to state 29
    constant          go to state 24


State 37

   35 expression: expression T_GREATER_OR_EQUAL . expression

    TINTEGER     shift, and go to state 1
    TSTRING      shift, and go to state 2
    TIDENTIFIER  shift, and go to state 3
    T_TRUE       shift, and go to state 10
    T_FALSE      shift, and go to state 11

    method_call_expr  go to state 20
    assignment_expr   go to state 21
    expression        go to state 57
    identifier        go to state 29
    constant          go to state 24


State 38

   37 expression: expression T_LESS_OR_EQUAL . expression

    TINTEGER     shift, and go to state 1
    TSTRING      shift, and go to state 2
    TIDENTIFIER  shift, and go to state 3
    T_TRUE       shift, and go to state 10
    T_FALSE      shift, and go to state 11

    method_call_expr  go to state 20
    assignment_expr   go to state 21
    expression        go to state 58
    identifier        go to state 29
    constant          go to state 24


State 39

   34 expression: expression T_GREATER . expression

    TINTEGER     shift, and go to state 1
    TSTRING      shift, and go to state 2
    TIDENTIFIER  shift, and go to state 3
    T_TRUE       shift, and go to state 10
    T_FALSE      shift, and go to state 11

    method_call_expr  go to state 20
    assignment_expr   go to state 21
    expression        go to state 59
    identifier        go to state 29
    constant          go to state 24


State 40

   36 expression: expression T_LESS . expression

    TINTEGER     shift, and go to state 1
    TSTRING      shift, and go to state 2
    TIDENTIFIER  shift, and go to state 3
    T_TRUE       shift, and go to state 10
    T_FALSE      shift, and go to state 11

    method_call_expr  go to state 20
    assignment_expr   go to state 21
    expression        go to state 60
    identifier        go to state 29
    constant          go to state 24


State 41

   41 expression: expression T_ADD . expression

    TINTEGER     shift, and go to state 1
    TSTRING      shift, and go to state 2
    TIDENTIFIER  shift, and go to state 3
    T_TRUE       shift, and go to state 10
    T_FALSE      shift, and go to state 11

    method_call_expr  go to state 20
    assignment_expr   go to state 21
    expression        go to state 61
    identifier        go to state 29
    constant          go to state 24


State 42

   42 expression: expression T_SUB . expression

    TINTEGER     shift, and go to state 1
    TSTRING      shift, and go to state 2
    TIDENTIFIER  shift, and go to state 3
    T_TRUE       shift, and go to state 10
    T_FALSE      shift, and go to state 11

    method_call_expr  go to state 20
    assignment_expr   go to state 21
    expression        go to state 62
    identifier        go to state 29
    constant          go to state 24


State 43

   44 expression: expression T_MUL . expression

    TINTEGER     shift, and go to state 1
    TSTRING      shift, and go to state 2
    TIDENTIFIER  shift, and go to state 3
    T_TRUE       shift, and go to state 10
    T_FALSE      shift, and go to state 11

    method_call_expr  go to state 20
    assignment_expr   go to state 21
    expression        go to state 63
    identifier        go to state 29
    constant          go to state 24


State 44

   43 expression: expression T_DIV . expression

    TINTEGER     shift, and go to state 1
    TSTRING      shift, and go to state 2
    TIDENTIFIER  shift, and go to state 3
    T_TRUE       shift, and go to state 10
    T_FALSE      shift, and go to state 11

    method_call_expr  go to state 20
    assignment_expr   go to state 21
    expression        go to state 64
    identifier        go to state 29
    constant          go to state 24


State 45

   13 statement: expression T_RANGE . expression

    TINTEGER     shift, and go to state 1
    TSTRING      shift, and go to state 2
    TIDENTIFIER  shift, and go to state 3
    T_TRUE       shift, and go to state 10
    T_FALSE      shift, and go to state 11

    method_call_expr  go to state 20
    assignment_expr   go to state 21
    expression        go to state 65
    identifier        go to state 29
    constant          go to state 24


State 46

   28 method_call_expr: identifier TLPAREN . method_call_args TRPAREN

    TINTEGER     shift, and go to state 1
    TSTRING      shift, and go to state 2
    TIDENTIFIER  shift, and go to state 3
    T_TRUE       shift, and go to state 10
    T_FALSE      shift, and go to state 11

    $default  reduce using rule 51 (method_call_args)

    method_call_expr  go to state 20
    assignment_expr   go to state 21
    expression        go to state 66
    identifier        go to state 29
    constant          go to state 24
    method_call_args  go to state 67


State 47

   21 method_arg_decl: identifier TCOLON . identifier
   22                | identifier TCOLON . identifier TASSIGN expression

    TIDENTIFIER  shift, and go to state 3

    identifier  go to state 68


State 48

   29 assignment_expr: identifier TASSIGN . expression

    TINTEGER     shift, and go to state 1
    TSTRING      shift, and go to state 2
    TIDENTIFIER  shift, and go to state 3
    T_TRUE       shift, and go to state 10
    T_FALSE      shift, and go to state 11

    method_call_expr  go to state 20
    assignment_expr   go to state 21
    expression        go to state 69
    identifier        go to state 29
    constant          go to state 24


State 49

   23 method_decl: TFUN identifier TLPAREN . method_decl_args TRPAREN block
   24            | TFUN identifier TLPAREN . method_decl_args TRPAREN TCOLON identifier block

    TIDENTIFIER  shift, and go to state 3

    $default  reduce using rule 25 (method_decl_args)

    method_arg_decl   go to state 70
    method_decl_args  go to state 71
    identifier        go to state 72


State 50

   18 var_decl: TVAR identifier TCOLON . identifier
   19         | TVAR identifier TCOLON . identifier TASSIGN expression

    TIDENTIFIER  shift, and go to state 3

    identifier  go to state 73


State 51

   20 val_decl: TVAL identifier TCOLON . identifier TASSIGN expression

    TIDENTIFIER  shift, and go to state 3

    identifier  go to state 74


State 52

   16 conditional: TIF TLPAREN expression . TRPAREN block
   17            | TIF TLPAREN expression . TRPAREN block TELSE block
   33 expression: expression . T_EQUAL expression
   34           | expression . T_GREATER expression
   35           | expression . T_GREATER_OR_EQUAL expression
   36           | expression . T_LESS expression
   37           | expression . T_LESS_OR_EQUAL expression
   38           | expression . T_NOT_EQUAL expression
   39           | expression . T_AND expression
   40           | expression . T_OR expression
   41           | expression . T_ADD expression
   42           | expression . T_SUB expression
   43           | expression . T_DIV expression
   44           | expression . T_MUL expression

    TRPAREN             shift, and go to state 75
    T_AND               shift, and go to state 33
    T_OR                shift, and go to state 34
    T_EQUAL             shift, and go to state 35
    T_NOT_EQUAL         shift, and go to state 36
    T_GREATER_OR_EQUAL  shift, and go to state 37
    T_LESS_OR_EQUAL     shift, and go to state 38
    T_GREATER           shift, and go to state 39
    T_LESS              shift, and go to state 40
    T_ADD               shift, and go to state 41
    T_SUB               shift, and go to state 42
    T_MUL               shift, and go to state 43
    T_DIV               shift, and go to state 44


State 53

   33 expression: expression . T_EQUAL expression
   34           | expression . T_GREATER expression
   35           | expression . T_GREATER_OR_EQUAL expression
   36           | expression . T_LESS expression
   37           | expression . T_LESS_OR_EQUAL expression
   38           | expression . T_NOT_EQUAL expression
   39           | expression . T_AND expression
   39           | expression T_AND expression .
   40           | expression . T_OR expression
   41           | expression . T_ADD expression
   42           | expression . T_SUB expression
   43           | expression . T_DIV expression
   44           | expression . T_MUL expression

    T_EQUAL             shift, and go to state 35
    T_NOT_EQUAL         shift, and go to state 36
    T_GREATER_OR_EQUAL  shift, and go to state 37
    T_LESS_OR_EQUAL     shift, and go to state 38
    T_GREATER           shift, and go to state 39
    T_LESS              shift, and go to state 40

    $default  reduce using rule 39 (expression)


State 54

   33 expression: expression . T_EQUAL expression
   34           | expression . T_GREATER expression
   35           | expression . T_GREATER_OR_EQUAL expression
   36           | expression . T_LESS expression
   37           | expression . T_LESS_OR_EQUAL expression
   38           | expression . T_NOT_EQUAL expression
   39           | expression . T_AND expression
   40           | expression . T_OR expression
   40           | expression T_OR expression .
   41           | expression . T_ADD expression
   42           | expression . T_SUB expression
   43           | expression . T_DIV expression
   44           | expression . T_MUL expression

    T_EQUAL             shift, and go to state 35
    T_NOT_EQUAL         shift, and go to state 36
    T_GREATER_OR_EQUAL  shift, and go to state 37
    T_LESS_OR_EQUAL     shift, and go to state 38
    T_GREATER           shift, and go to state 39
    T_LESS              shift, and go to state 40

    $default  reduce using rule 40 (expression)


State 55

   33 expression: expression . T_EQUAL expression
   33           | expression T_EQUAL expression .
   34           | expression . T_GREATER expression
   35           | expression . T_GREATER_OR_EQUAL expression
   36           | expression . T_LESS expression
   37           | expression . T_LESS_OR_EQUAL expression
   38           | expression . T_NOT_EQUAL expression
   39           | expression . T_AND expression
   40           | expression . T_OR expression
   41           | expression . T_ADD expression
   42           | expression . T_SUB expression
   43           | expression . T_DIV expression
   44           | expression . T_MUL expression

    $default  reduce using rule 33 (expression)


State 56

   33 expression: expression . T_EQUAL expression
   34           | expression . T_GREATER expression
   35           | expression . T_GREATER_OR_EQUAL expression
   36           | expression . T_LESS expression
   37           | expression . T_LESS_OR_EQUAL expression
   38           | expression . T_NOT_EQUAL expression
   38           | expression T_NOT_EQUAL expression .
   39           | expression . T_AND expression
   40           | expression . T_OR expression
   41           | expression . T_ADD expression
   42           | expression . T_SUB expression
   43           | expression . T_DIV expression
   44           | expression . T_MUL expression

    $default  reduce using rule 38 (expression)


State 57

   33 expression: expression . T_EQUAL expression
   34           | expression . T_GREATER expression
   35           | expression . T_GREATER_OR_EQUAL expression
   35           | expression T_GREATER_OR_EQUAL expression .
   36           | expression . T_LESS expression
   37           | expression . T_LESS_OR_EQUAL expression
   38           | expression . T_NOT_EQUAL expression
   39           | expression . T_AND expression
   40           | expression . T_OR expression
   41           | expression . T_ADD expression
   42           | expression . T_SUB expression
   43           | expression . T_DIV expression
   44           | expression . T_MUL expression

    $default  reduce using rule 35 (expression)


State 58

   33 expression: expression . T_EQUAL expression
   34           | expression . T_GREATER expression
   35           | expression . T_GREATER_OR_EQUAL expression
   36           | expression . T_LESS expression
   37           | expression . T_LESS_OR_EQUAL expression
   37           | expression T_LESS_OR_EQUAL expression .
   38           | expression . T_NOT_EQUAL expression
   39           | expression . T_AND expression
   40           | expression . T_OR expression
   41           | expression . T_ADD expression
   42           | expression . T_SUB expression
   43           | expression . T_DIV expression
   44           | expression . T_MUL expression

    $default  reduce using rule 37 (expression)


State 59

   33 expression: expression . T_EQUAL expression
   34           | expression . T_GREATER expression
   34           | expression T_GREATER expression .
   35           | expression . T_GREATER_OR_EQUAL expression
   36           | expression . T_LESS expression
   37           | expression . T_LESS_OR_EQUAL expression
   38           | expression . T_NOT_EQUAL expression
   39           | expression . T_AND expression
   40           | expression . T_OR expression
   41           | expression . T_ADD expression
   42           | expression . T_SUB expression
   43           | expression . T_DIV expression
   44           | expression . T_MUL expression

    $default  reduce using rule 34 (expression)


State 60

   33 expression: expression . T_EQUAL expression
   34           | expression . T_GREATER expression
   35           | expression . T_GREATER_OR_EQUAL expression
   36           | expression . T_LESS expression
   36           | expression T_LESS expression .
   37           | expression . T_LESS_OR_EQUAL expression
   38           | expression . T_NOT_EQUAL expression
   39           | expression . T_AND expression
   40           | expression . T_OR expression
   41           | expression . T_ADD expression
   42           | expression . T_SUB expression
   43           | expression . T_DIV expression
   44           | expression . T_MUL expression

    $default  reduce using rule 36 (expression)


State 61

   33 expression: expression . T_EQUAL expression
   34           | expression . T_GREATER expression
   35           | expression . T_GREATER_OR_EQUAL expression
   36           | expression . T_LESS expression
   37           | expression . T_LESS_OR_EQUAL expression
   38           | expression . T_NOT_EQUAL expression
   39           | expression . T_AND expression
   40           | expression . T_OR expression
   41           | expression . T_ADD expression
   41           | expression T_ADD expression .
   42           | expression . T_SUB expression
   43           | expression . T_DIV expression
   44           | expression . T_MUL expression

    T_AND               shift, and go to state 33
    T_OR                shift, and go to state 34
    T_EQUAL             shift, and go to state 35
    T_NOT_EQUAL         shift, and go to state 36
    T_GREATER_OR_EQUAL  shift, and go to state 37
    T_LESS_OR_EQUAL     shift, and go to state 38
    T_GREATER           shift, and go to state 39
    T_LESS              shift, and go to state 40
    T_MUL               shift, and go to state 43
    T_DIV               shift, and go to state 44

    $default  reduce using rule 41 (expression)


State 62

   33 expression: expression . T_EQUAL expression
   34           | expression . T_GREATER expression
   35           | expression . T_GREATER_OR_EQUAL expression
   36           | expression . T_LESS expression
   37           | expression . T_LESS_OR_EQUAL expression
   38           | expression . T_NOT_EQUAL expression
   39           | expression . T_AND expression
   40           | expression . T_OR expression
   41           | expression . T_ADD expression
   42           | expression . T_SUB expression
   42           | expression T_SUB expression .
   43           | expression . T_DIV expression
   44           | expression . T_MUL expression

    T_AND               shift, and go to state 33
    T_OR                shift, and go to state 34
    T_EQUAL             shift, and go to state 35
    T_NOT_EQUAL         shift, and go to state 36
    T_GREATER_OR_EQUAL  shift, and go to state 37
    T_LESS_OR_EQUAL     shift, and go to state 38
    T_GREATER           shift, and go to state 39
    T_LESS              shift, and go to state 40
    T_MUL               shift, and go to state 43
    T_DIV               shift, and go to state 44

    $default  reduce using rule 42 (expression)


State 63

   33 expression: expression . T_EQUAL expression
   34           | expression . T_GREATER expression
   35           | expression . T_GREATER_OR_EQUAL expression
   36           | expression . T_LESS expression
   37           | expression . T_LESS_OR_EQUAL expression
   38           | expression . T_NOT_EQUAL expression
   39           | expression . T_AND expression
   40           | expression . T_OR expression
   41           | expression . T_ADD expression
   42           | expression . T_SUB expression
   43           | expression . T_DIV expression
   44           | expression . T_MUL expression
   44           | expression T_MUL expression .

    T_AND               shift, and go to state 33
    T_OR                shift, and go to state 34
    T_EQUAL             shift, and go to state 35
    T_NOT_EQUAL         shift, and go to state 36
    T_GREATER_OR_EQUAL  shift, and go to state 37
    T_LESS_OR_EQUAL     shift, and go to state 38
    T_GREATER           shift, and go to state 39
    T_LESS              shift, and go to state 40

    $default  reduce using rule 44 (expression)


State 64

   33 expression: expression . T_EQUAL expression
   34           | expression . T_GREATER expression
   35           | expression . T_GREATER_OR_EQUAL expression
   36           | expression . T_LESS expression
   37           | expression . T_LESS_OR_EQUAL expression
   38           | expression . T_NOT_EQUAL expression
   39           | expression . T_AND expression
   40           | expression . T_OR expression
   41           | expression . T_ADD expression
   42           | expression . T_SUB expression
   43           | expression . T_DIV expression
   43           | expression T_DIV expression .
   44           | expression . T_MUL expression

    T_AND               shift, and go to state 33
    T_OR                shift, and go to state 34
    T_EQUAL             shift, and go to state 35
    T_NOT_EQUAL         shift, and go to state 36
    T_GREATER_OR_EQUAL  shift, and go to state 37
    T_LESS_OR_EQUAL     shift, and go to state 38
    T_GREATER           shift, and go to state 39
    T_LESS              shift, and go to state 40

    $default  reduce using rule 43 (expression)


State 65

   13 statement: expression T_RANGE expression .
   33 expression: expression . T_EQUAL expression
   34           | expression . T_GREATER expression
   35           | expression . T_GREATER_OR_EQUAL expression
   36           | expression . T_LESS expression
   37           | expression . T_LESS_OR_EQUAL expression
   38           | expression . T_NOT_EQUAL expression
   39           | expression . T_AND expression
   40           | expression . T_OR expression
   41           | expression . T_ADD expression
   42           | expression . T_SUB expression
   43           | expression . T_DIV expression
   44           | expression . T_MUL expression

    T_AND               shift, and go to state 33
    T_OR                shift, and go to state 34
    T_EQUAL             shift, and go to state 35
    T_NOT_EQUAL         shift, and go to state 36
    T_GREATER_OR_EQUAL  shift, and go to state 37
    T_LESS_OR_EQUAL     shift, and go to state 38
    T_GREATER           shift, and go to state 39
    T_LESS              shift, and go to state 40
    T_ADD               shift, and go to state 41
    T_SUB               shift, and go to state 42
    T_MUL               shift, and go to state 43
    T_DIV               shift, and go to state 44

    $default  reduce using rule 13 (statement)


State 66

   33 expression: expression . T_EQUAL expression
   34           | expression . T_GREATER expression
   35           | expression . T_GREATER_OR_EQUAL expression
   36           | expression . T_LESS expression
   37           | expression . T_LESS_OR_EQUAL expression
   38           | expression . T_NOT_EQUAL expression
   39           | expression . T_AND expression
   40           | expression . T_OR expression
   41           | expression . T_ADD expression
   42           | expression . T_SUB expression
   43           | expression . T_DIV expression
   44           | expression . T_MUL expression
   52 method_call_args: expression .

    T_AND               shift, and go to state 33
    T_OR                shift, and go to state 34
    T_EQUAL             shift, and go to state 35
    T_NOT_EQUAL         shift, and go to state 36
    T_GREATER_OR_EQUAL  shift, and go to state 37
    T_LESS_OR_EQUAL     shift, and go to state 38
    T_GREATER           shift, and go to state 39
    T_LESS              shift, and go to state 40
    T_ADD               shift, and go to state 41
    T_SUB               shift, and go to state 42
    T_MUL               shift, and go to state 43
    T_DIV               shift, and go to state 44

    $default  reduce using rule 52 (method_call_args)


State 67

   28 method_call_expr: identifier TLPAREN method_call_args . TRPAREN
   53 method_call_args: method_call_args . TCOMMA expression

    TRPAREN  shift, and go to state 76
    TCOMMA   shift, and go to state 77


State 68

   21 method_arg_decl: identifier TCOLON identifier .
   22                | identifier TCOLON identifier . TASSIGN expression

    TASSIGN  shift, and go to state 78

    $default  reduce using rule 21 (method_arg_decl)


State 69

   29 assignment_expr: identifier TASSIGN expression .
   33 expression: expression . T_EQUAL expression
   34           | expression . T_GREATER expression
   35           | expression . T_GREATER_OR_EQUAL expression
   36           | expression . T_LESS expression
   37           | expression . T_LESS_OR_EQUAL expression
   38           | expression . T_NOT_EQUAL expression
   39           | expression . T_AND expression
   40           | expression . T_OR expression
   41           | expression . T_ADD expression
   42           | expression . T_SUB expression
   43           | expression . T_DIV expression
   44           | expression . T_MUL expression

    T_AND               shift, and go to state 33
    T_OR                shift, and go to state 34
    T_EQUAL             shift, and go to state 35
    T_NOT_EQUAL         shift, and go to state 36
    T_GREATER_OR_EQUAL  shift, and go to state 37
    T_LESS_OR_EQUAL     shift, and go to state 38
    T_GREATER           shift, and go to state 39
    T_LESS              shift, and go to state 40
    T_ADD               shift, and go to state 41
    T_SUB               shift, and go to state 42
    T_MUL               shift, and go to state 43
    T_DIV               shift, and go to state 44

    $default  reduce using rule 29 (assignment_expr)


State 70

   26 method_decl_args: method_arg_decl .

    $default  reduce using rule 26 (method_decl_args)


State 71

   23 method_decl: TFUN identifier TLPAREN method_decl_args . TRPAREN block
   24            | TFUN identifier TLPAREN method_decl_args . TRPAREN TCOLON identifier block
   27 method_decl_args: method_decl_args . TCOMMA method_arg_decl

    TRPAREN  shift, and go to state 79
    TCOMMA   shift, and go to state 80


State 72

   21 method_arg_decl: identifier . TCOLON identifier
   22                | identifier . TCOLON identifier TASSIGN expression

    TCOLON  shift, and go to state 47


State 73

   18 var_decl: TVAR identifier TCOLON identifier .
   19         | TVAR identifier TCOLON identifier . TASSIGN expression

    TASSIGN  shift, and go to state 81

    $default  reduce using rule 18 (var_decl)


State 74

   20 val_decl: TVAL identifier TCOLON identifier . TASSIGN expression

    TASSIGN  shift, and go to state 82


State 75

   16 conditional: TIF TLPAREN expression TRPAREN . block
   17            | TIF TLPAREN expression TRPAREN . block TELSE block

    TLBRACE  shift, and go to state 83

    block  go to state 84


State 76

   28 method_call_expr: identifier TLPAREN method_call_args TRPAREN .

    $default  reduce using rule 28 (method_call_expr)


State 77

   53 method_call_args: method_call_args TCOMMA . expression

    TINTEGER     shift, and go to state 1
    TSTRING      shift, and go to state 2
    TIDENTIFIER  shift, and go to state 3
    T_TRUE       shift, and go to state 10
    T_FALSE      shift, and go to state 11

    method_call_expr  go to state 20
    assignment_expr   go to state 21
    expression        go to state 85
    identifier        go to state 29
    constant          go to state 24


State 78

   22 method_arg_decl: identifier TCOLON identifier TASSIGN . expression

    TINTEGER     shift, and go to state 1
    TSTRING      shift, and go to state 2
    TIDENTIFIER  shift, and go to state 3
    T_TRUE       shift, and go to state 10
    T_FALSE      shift, and go to state 11

    method_call_expr  go to state 20
    assignment_expr   go to state 21
    expression        go to state 86
    identifier        go to state 29
    constant          go to state 24


State 79

   23 method_decl: TFUN identifier TLPAREN method_decl_args TRPAREN . block
   24            | TFUN identifier TLPAREN method_decl_args TRPAREN . TCOLON identifier block

    TLBRACE  shift, and go to state 83
    TCOLON   shift, and go to state 87

    block  go to state 88


State 80

   27 method_decl_args: method_decl_args TCOMMA . method_arg_decl

    TIDENTIFIER  shift, and go to state 3

    method_arg_decl  go to state 89
    identifier       go to state 72


State 81

   19 var_decl: TVAR identifier TCOLON identifier TASSIGN . expression

    TINTEGER     shift, and go to state 1
    TSTRING      shift, and go to state 2
    TIDENTIFIER  shift, and go to state 3
    T_TRUE       shift, and go to state 10
    T_FALSE      shift, and go to state 11

    method_call_expr  go to state 20
    assignment_expr   go to state 21
    expression        go to state 90
    identifier        go to state 29
    constant          go to state 24


State 82

   20 val_decl: TVAL identifier TCOLON identifier TASSIGN . expression

    TINTEGER     shift, and go to state 1
    TSTRING      shift, and go to state 2
    TIDENTIFIER  shift, and go to state 3
    T_TRUE       shift, and go to state 10
    T_FALSE      shift, and go to state 11

    method_call_expr  go to state 20
    assignment_expr   go to state 21
    expression        go to state 91
    identifier        go to state 29
    constant          go to state 24


State 83

   14 block: TLBRACE . statements TRBRACE
   15      | TLBRACE . TRBRACE

    TINTEGER      shift, and go to state 1
    TSTRING       shift, and go to state 2
    TIDENTIFIER   shift, and go to state 3
    TFUN          shift, and go to state 4
    TVAR          shift, and go to state 5
    TVAL          shift, and go to state 6
    TRETURN       shift, and go to state 7
    TRETURN_VOID  shift, and go to state 8
    TIF           shift, and go to state 9
    TRBRACE       shift, and go to state 92
    T_TRUE        shift, and go to state 10
    T_FALSE       shift, and go to state 11

    statements        go to state 93
    statement         go to state 14
    conditional       go to state 15
    var_decl          go to state 16
    val_decl          go to state 17
    method_arg_decl   go to state 18
    method_decl       go to state 19
    method_call_expr  go to state 20
    assignment_expr   go to state 21
    expression        go to state 22
    identifier        go to state 23
    constant          go to state 24


State 84

   16 conditional: TIF TLPAREN expression TRPAREN block .
   17            | TIF TLPAREN expression TRPAREN block . TELSE block

    TELSE  shift, and go to state 94

    $default  reduce using rule 16 (conditional)


State 85

   33 expression: expression . T_EQUAL expression
   34           | expression . T_GREATER expression
   35           | expression . T_GREATER_OR_EQUAL expression
   36           | expression . T_LESS expression
   37           | expression . T_LESS_OR_EQUAL expression
   38           | expression . T_NOT_EQUAL expression
   39           | expression . T_AND expression
   40           | expression . T_OR expression
   41           | expression . T_ADD expression
   42           | expression . T_SUB expression
   43           | expression . T_DIV expression
   44           | expression . T_MUL expression
   53 method_call_args: method_call_args TCOMMA expression .

    T_AND               shift, and go to state 33
    T_OR                shift, and go to state 34
    T_EQUAL             shift, and go to state 35
    T_NOT_EQUAL         shift, and go to state 36
    T_GREATER_OR_EQUAL  shift, and go to state 37
    T_LESS_OR_EQUAL     shift, and go to state 38
    T_GREATER           shift, and go to state 39
    T_LESS              shift, and go to state 40
    T_ADD               shift, and go to state 41
    T_SUB               shift, and go to state 42
    T_MUL               shift, and go to state 43
    T_DIV               shift, and go to state 44

    $default  reduce using rule 53 (method_call_args)


State 86

   22 method_arg_decl: identifier TCOLON identifier TASSIGN expression .
   33 expression: expression . T_EQUAL expression
   34           | expression . T_GREATER expression
   35           | expression . T_GREATER_OR_EQUAL expression
   36           | expression . T_LESS expression
   37           | expression . T_LESS_OR_EQUAL expression
   38           | expression . T_NOT_EQUAL expression
   39           | expression . T_AND expression
   40           | expression . T_OR expression
   41           | expression . T_ADD expression
   42           | expression . T_SUB expression
   43           | expression . T_DIV expression
   44           | expression . T_MUL expression

    T_AND               shift, and go to state 33
    T_OR                shift, and go to state 34
    T_EQUAL             shift, and go to state 35
    T_NOT_EQUAL         shift, and go to state 36
    T_GREATER_OR_EQUAL  shift, and go to state 37
    T_LESS_OR_EQUAL     shift, and go to state 38
    T_GREATER           shift, and go to state 39
    T_LESS              shift, and go to state 40
    T_ADD               shift, and go to state 41
    T_SUB               shift, and go to state 42
    T_MUL               shift, and go to state 43
    T_DIV               shift, and go to state 44

    $default  reduce using rule 22 (method_arg_decl)


State 87

   24 method_decl: TFUN identifier TLPAREN method_decl_args TRPAREN TCOLON . identifier block

    TIDENTIFIER  shift, and go to state 3

    identifier  go to state 95


State 88

   23 method_decl: TFUN identifier TLPAREN method_decl_args TRPAREN block .

    $default  reduce using rule 23 (method_decl)


State 89

   27 method_decl_args: method_decl_args TCOMMA method_arg_decl .

    $default  reduce using rule 27 (method_decl_args)


State 90

   19 var_decl: TVAR identifier TCOLON identifier TASSIGN expression .
   33 expression: expression . T_EQUAL expression
   34           | expression . T_GREATER expression
   35           | expression . T_GREATER_OR_EQUAL expression
   36           | expression . T_LESS expression
   37           | expression . T_LESS_OR_EQUAL expression
   38           | expression . T_NOT_EQUAL expression
   39           | expression . T_AND expression
   40           | expression . T_OR expression
   41           | expression . T_ADD expression
   42           | expression . T_SUB expression
   43           | expression . T_DIV expression
   44           | expression . T_MUL expression

    T_AND               shift, and go to state 33
    T_OR                shift, and go to state 34
    T_EQUAL             shift, and go to state 35
    T_NOT_EQUAL         shift, and go to state 36
    T_GREATER_OR_EQUAL  shift, and go to state 37
    T_LESS_OR_EQUAL     shift, and go to state 38
    T_GREATER           shift, and go to state 39
    T_LESS              shift, and go to state 40
    T_ADD               shift, and go to state 41
    T_SUB               shift, and go to state 42
    T_MUL               shift, and go to state 43
    T_DIV               shift, and go to state 44

    $default  reduce using rule 19 (var_decl)


State 91

   20 val_decl: TVAL identifier TCOLON identifier TASSIGN expression .
   33 expression: expression . T_EQUAL expression
   34           | expression . T_GREATER expression
   35           | expression . T_GREATER_OR_EQUAL expression
   36           | expression . T_LESS expression
   37           | expression . T_LESS_OR_EQUAL expression
   38           | expression . T_NOT_EQUAL expression
   39           | expression . T_AND expression
   40           | expression . T_OR expression
   41           | expression . T_ADD expression
   42           | expression . T_SUB expression
   43           | expression . T_DIV expression
   44           | expression . T_MUL expression

    T_AND               shift, and go to state 33
    T_OR                shift, and go to state 34
    T_EQUAL             shift, and go to state 35
    T_NOT_EQUAL         shift, and go to state 36
    T_GREATER_OR_EQUAL  shift, and go to state 37
    T_LESS_OR_EQUAL     shift, and go to state 38
    T_GREATER           shift, and go to state 39
    T_LESS              shift, and go to state 40
    T_ADD               shift, and go to state 41
    T_SUB               shift, and go to state 42
    T_MUL               shift, and go to state 43
    T_DIV               shift, and go to state 44

    $default  reduce using rule 20 (val_decl)


State 92

   15 block: TLBRACE TRBRACE .

    $default  reduce using rule 15 (block)


State 93

    4 statements: statements . statement
   14 block: TLBRACE statements . TRBRACE

    TINTEGER      shift, and go to state 1
    TSTRING       shift, and go to state 2
    TIDENTIFIER   shift, and go to state 3
    TFUN          shift, and go to state 4
    TVAR          shift, and go to state 5
    TVAL          shift, and go to state 6
    TRETURN       shift, and go to state 7
    TRETURN_VOID  shift, and go to state 8
    TIF           shift, and go to state 9
    TRBRACE       shift, and go to state 96
    T_TRUE        shift, and go to state 10
    T_FALSE       shift, and go to state 11

    statement         go to state 32
    conditional       go to state 15
    var_decl          go to state 16
    val_decl          go to state 17
    method_arg_decl   go to state 18
    method_decl       go to state 19
    method_call_expr  go to state 20
    assignment_expr   go to state 21
    expression        go to state 22
    identifier        go to state 23
    constant          go to state 24


State 94

   17 conditional: TIF TLPAREN expression TRPAREN block TELSE . block

    TLBRACE  shift, and go to state 83

    block  go to state 97


State 95

   24 method_decl: TFUN identifier TLPAREN method_decl_args TRPAREN TCOLON identifier . block

    TLBRACE  shift, and go to state 83

    block  go to state 98


State 96

   14 block: TLBRACE statements TRBRACE .

    $default  reduce using rule 14 (block)


State 97

   17 conditional: TIF TLPAREN expression TRPAREN block TELSE block .

    $default  reduce using rule 17 (conditional)


State 98

   24 method_decl: TFUN identifier TLPAREN method_decl_args TRPAREN TCOLON identifier block .

    $default  reduce using rule 24 (method_decl)
